<?xml version="1.0" encoding="utf-8"?>
<coverage line-rate="0.7938" branch-rate="0.7413" version="1.9" timestamp="1571167236" lines-covered="181" lines-valid="228" branches-covered="43" branches-valid="58">
  <sources>
    <source></source>
  </sources>
  <packages>
    <package name="CellGame" line-rate="0.7938" branch-rate="0.7413" complexity="81">
      <classes>
        <class name="CellGame.Program" filename="/home/martin/RiderProjects/germgame/CellGame/Program.cs" line-rate="0" branch-rate="1" complexity="1">
          <methods>
            <method name="Main" signature="(System.String[])" line-rate="0" branch-rate="1">
              <lines>
                <line number="12" hits="0" branch="False" />
                <line number="13" hits="0" branch="False" />
                <line number="14" hits="0" branch="False" />
                <line number="15" hits="0" branch="False" />
                <line number="16" hits="0" branch="False" />
                <line number="17" hits="0" branch="False" />
                <line number="18" hits="0" branch="False" />
                <line number="19" hits="0" branch="False" />
                <line number="20" hits="0" branch="False" />
                <line number="22" hits="0" branch="False" />
                <line number="24" hits="0" branch="False" />
                <line number="25" hits="0" branch="False" />
                <line number="27" hits="0" branch="False" />
                <line number="28" hits="0" branch="False" />
                <line number="29" hits="0" branch="False" />
              </lines>
            </method>
          </methods>
          <lines>
            <line number="12" hits="0" branch="False" />
            <line number="13" hits="0" branch="False" />
            <line number="14" hits="0" branch="False" />
            <line number="15" hits="0" branch="False" />
            <line number="16" hits="0" branch="False" />
            <line number="17" hits="0" branch="False" />
            <line number="18" hits="0" branch="False" />
            <line number="19" hits="0" branch="False" />
            <line number="20" hits="0" branch="False" />
            <line number="22" hits="0" branch="False" />
            <line number="24" hits="0" branch="False" />
            <line number="25" hits="0" branch="False" />
            <line number="27" hits="0" branch="False" />
            <line number="28" hits="0" branch="False" />
            <line number="29" hits="0" branch="False" />
          </lines>
        </class>
        <class name="CellGame.CellStringEncoder" filename="/home/martin/RiderProjects/germgame/CellGame/Tissue/CellStringEncoder.cs" line-rate="0.46659999999999996" branch-rate="0.1666" complexity="7">
          <methods>
            <method name="Visit" signature="(System.Boolean,System.UInt16,System.UInt16,System.Boolean)" line-rate="0" branch-rate="0">
              <lines>
                <line number="13" hits="0" branch="False" />
                <line number="14" hits="0" branch="True" condition-coverage="0% (0/2)">
                  <conditions>
                    <condition number="7" type="jump" coverage="0%" />
                  </conditions>
                </line>
                <line number="15" hits="0" branch="False" />
                <line number="16" hits="0" branch="True" condition-coverage="0% (0/2)">
                  <conditions>
                    <condition number="26" type="jump" coverage="0%" />
                  </conditions>
                </line>
                <line number="17" hits="0" branch="False" />
                <line number="19" hits="0" branch="False" />
                <line number="20" hits="0" branch="False" />
              </lines>
            </method>
            <method name="GetEncodedCell" signature="(CellGame.Tissue.ICell)" line-rate="0.8571" branch-rate="0.5">
              <lines>
                <line number="23" hits="30942" branch="False" />
                <line number="24" hits="30942" branch="False" />
                <line number="26" hits="30942" branch="True" condition-coverage="50% (1/2)">
                  <conditions>
                    <condition number="18" type="jump" coverage="50%" />
                  </conditions>
                </line>
                <line number="27" hits="30942" branch="False" />
                <line number="29" hits="0" branch="False" />
                <line number="31" hits="30942" branch="False" />
                <line number="32" hits="30942" branch="False" />
              </lines>
            </method>
            <method name=".ctor" signature="()" line-rate="1" branch-rate="1">
              <lines>
                <line number="11" hits="3" branch="False" />
              </lines>
            </method>
          </methods>
          <lines>
            <line number="13" hits="0" branch="False" />
            <line number="14" hits="0" branch="True" condition-coverage="0% (0/2)">
              <conditions>
                <condition number="7" type="jump" coverage="0%" />
              </conditions>
            </line>
            <line number="15" hits="0" branch="False" />
            <line number="16" hits="0" branch="True" condition-coverage="0% (0/2)">
              <conditions>
                <condition number="26" type="jump" coverage="0%" />
              </conditions>
            </line>
            <line number="17" hits="0" branch="False" />
            <line number="19" hits="0" branch="False" />
            <line number="20" hits="0" branch="False" />
            <line number="23" hits="30942" branch="False" />
            <line number="24" hits="30942" branch="False" />
            <line number="26" hits="30942" branch="True" condition-coverage="50% (1/2)">
              <conditions>
                <condition number="18" type="jump" coverage="50%" />
              </conditions>
            </line>
            <line number="27" hits="30942" branch="False" />
            <line number="29" hits="0" branch="False" />
            <line number="31" hits="30942" branch="False" />
            <line number="32" hits="30942" branch="False" />
            <line number="11" hits="3" branch="False" />
          </lines>
        </class>
        <class name="CellGame.Tissue.DefaultCellFactory" filename="/home/martin/RiderProjects/germgame/CellGame/Tissue/DefaultCellFactory.cs" line-rate="1" branch-rate="1" complexity="3">
          <methods>
            <method name="CreateHealthyCell" signature="()" line-rate="1" branch-rate="1">
              <lines>
                <line number="10" hits="6" branch="False" />
              </lines>
            </method>
            <method name="CreateInfectedCell" signature="(CellGame.Germs.IGerm)" line-rate="1" branch-rate="1">
              <lines>
                <line number="13" hits="4" branch="False" />
                <line number="14" hits="4" branch="False" />
                <line number="15" hits="4" branch="False" />
                <line number="16" hits="4" branch="False" />
              </lines>
            </method>
            <method name="CreateNullCell" signature="()" line-rate="1" branch-rate="1">
              <lines>
                <line number="19" hits="10" branch="False" />
                <line number="20" hits="10" branch="False" />
                <line number="21" hits="10" branch="False" />
              </lines>
            </method>
          </methods>
          <lines>
            <line number="10" hits="6" branch="False" />
            <line number="13" hits="4" branch="False" />
            <line number="14" hits="4" branch="False" />
            <line number="15" hits="4" branch="False" />
            <line number="16" hits="4" branch="False" />
            <line number="19" hits="10" branch="False" />
            <line number="20" hits="10" branch="False" />
            <line number="21" hits="10" branch="False" />
          </lines>
        </class>
        <class name="CellGame.Tissue.HealthyCell" filename="/home/martin/RiderProjects/germgame/CellGame/Tissue/HealthyCell.cs" line-rate="0.8571" branch-rate="1" complexity="4">
          <methods>
            <method name="Clone" signature="()" line-rate="1" branch-rate="1">
              <lines>
                <line number="33" hits="11" branch="False" />
                <line number="34" hits="11" branch="False" />
                <line number="35" hits="11" branch="False" />
              </lines>
            </method>
            <method name="Accept" signature="(CellGame.Tissue.ICellVisitor)" line-rate="0" branch-rate="1">
              <lines>
                <line number="38" hits="0" branch="False" />
                <line number="39" hits="0" branch="False" />
                <line number="40" hits="0" branch="False" />
              </lines>
            </method>
            <method name=".ctor" signature="()" line-rate="1" branch-rate="1">
              <lines>
                <line number="11" hits="17" branch="False" />
                <line number="16" hits="6" branch="False" />
                <line number="17" hits="6" branch="False" />
                <line number="18" hits="6" branch="False" />
                <line number="19" hits="6" branch="False" />
                <line number="20" hits="6" branch="False" />
                <line number="21" hits="6" branch="False" />
                <line number="22" hits="6" branch="False" />
              </lines>
            </method>
            <method name=".ctor" signature="(System.Boolean,System.UInt16,System.UInt16)" line-rate="1" branch-rate="1">
              <lines>
                <line number="24" hits="11" branch="False" />
                <line number="25" hits="11" branch="False" />
                <line number="26" hits="11" branch="False" />
                <line number="27" hits="11" branch="False" />
                <line number="28" hits="11" branch="False" />
                <line number="29" hits="11" branch="False" />
                <line number="30" hits="11" branch="False" />
              </lines>
            </method>
          </methods>
          <lines>
            <line number="33" hits="11" branch="False" />
            <line number="34" hits="11" branch="False" />
            <line number="35" hits="11" branch="False" />
            <line number="38" hits="0" branch="False" />
            <line number="39" hits="0" branch="False" />
            <line number="40" hits="0" branch="False" />
            <line number="11" hits="17" branch="False" />
            <line number="16" hits="6" branch="False" />
            <line number="17" hits="6" branch="False" />
            <line number="18" hits="6" branch="False" />
            <line number="19" hits="6" branch="False" />
            <line number="20" hits="6" branch="False" />
            <line number="21" hits="6" branch="False" />
            <line number="22" hits="6" branch="False" />
            <line number="24" hits="11" branch="False" />
            <line number="25" hits="11" branch="False" />
            <line number="26" hits="11" branch="False" />
            <line number="27" hits="11" branch="False" />
            <line number="28" hits="11" branch="False" />
            <line number="29" hits="11" branch="False" />
            <line number="30" hits="11" branch="False" />
          </lines>
        </class>
        <class name="CellGame.Tissue.InfectedCell" filename="/home/martin/RiderProjects/germgame/CellGame/Tissue/InfectedCell.cs" line-rate="0.7857" branch-rate="0.5" complexity="4">
          <methods>
            <method name="Clone" signature="()" line-rate="1" branch-rate="1">
              <lines>
                <line number="24" hits="9" branch="False" />
                <line number="25" hits="9" branch="False" />
                <line number="26" hits="9" branch="False" />
              </lines>
            </method>
            <method name="Accept" signature="(CellGame.Tissue.ICellVisitor)" line-rate="0" branch-rate="1">
              <lines>
                <line number="29" hits="0" branch="False" />
                <line number="30" hits="0" branch="False" />
                <line number="31" hits="0" branch="False" />
              </lines>
            </method>
            <method name=".ctor" signature="(System.Boolean,System.UInt16,System.UInt16,CellGame.Germs.IGerm)" line-rate="1" branch-rate="0.5">
              <lines>
                <line number="9" hits="13" branch="False" />
                <line number="15" hits="13" branch="False" />
                <line number="16" hits="13" branch="False" />
                <line number="17" hits="13" branch="False" />
                <line number="18" hits="13" branch="False" />
                <line number="19" hits="13" branch="False" />
                <line number="20" hits="13" branch="True" condition-coverage="50% (1/2)">
                  <conditions>
                    <condition number="40" type="jump" coverage="50%" />
                  </conditions>
                </line>
                <line number="21" hits="13" branch="False" />
              </lines>
            </method>
          </methods>
          <lines>
            <line number="24" hits="9" branch="False" />
            <line number="25" hits="9" branch="False" />
            <line number="26" hits="9" branch="False" />
            <line number="29" hits="0" branch="False" />
            <line number="30" hits="0" branch="False" />
            <line number="31" hits="0" branch="False" />
            <line number="9" hits="13" branch="False" />
            <line number="15" hits="13" branch="False" />
            <line number="16" hits="13" branch="False" />
            <line number="17" hits="13" branch="False" />
            <line number="18" hits="13" branch="False" />
            <line number="19" hits="13" branch="False" />
            <line number="20" hits="13" branch="True" condition-coverage="50% (1/2)">
              <conditions>
                <condition number="40" type="jump" coverage="50%" />
              </conditions>
            </line>
            <line number="21" hits="13" branch="False" />
          </lines>
        </class>
        <class name="CellGame.Tissue.Location" filename="/home/martin/RiderProjects/germgame/CellGame/Tissue/Location.cs" line-rate="1" branch-rate="1" complexity="3">
          <methods>
            <method name="get_X" signature="()" line-rate="1" branch-rate="1">
              <lines>
                <line number="5" hits="33762" branch="False" />
              </lines>
            </method>
            <method name="get_Y" signature="()" line-rate="1" branch-rate="1">
              <lines>
                <line number="6" hits="33762" branch="False" />
              </lines>
            </method>
            <method name=".ctor" signature="(System.Int32,System.Int32)" line-rate="1" branch-rate="1">
              <lines>
                <line number="9" hits="142906" branch="False" />
                <line number="10" hits="142906" branch="False" />
                <line number="11" hits="142906" branch="False" />
                <line number="12" hits="142906" branch="False" />
              </lines>
            </method>
          </methods>
          <lines>
            <line number="5" hits="33762" branch="False" />
            <line number="6" hits="33762" branch="False" />
            <line number="9" hits="142906" branch="False" />
            <line number="10" hits="142906" branch="False" />
            <line number="11" hits="142906" branch="False" />
            <line number="12" hits="142906" branch="False" />
          </lines>
        </class>
        <class name="CellGame.Tissue.NullCell" filename="/home/martin/RiderProjects/germgame/CellGame/Tissue/NullCell.cs" line-rate="0" branch-rate="1" complexity="2">
          <methods>
            <method name="Clone" signature="()" line-rate="0" branch-rate="1">
              <lines>
                <line number="6" hits="0" branch="False" />
                <line number="7" hits="0" branch="False" />
                <line number="8" hits="0" branch="False" />
              </lines>
            </method>
            <method name="Accept" signature="(CellGame.Tissue.ICellVisitor)" line-rate="0" branch-rate="1">
              <lines>
                <line number="11" hits="0" branch="False" />
                <line number="12" hits="0" branch="False" />
                <line number="13" hits="0" branch="False" />
              </lines>
            </method>
          </methods>
          <lines>
            <line number="6" hits="0" branch="False" />
            <line number="7" hits="0" branch="False" />
            <line number="8" hits="0" branch="False" />
            <line number="11" hits="0" branch="False" />
            <line number="12" hits="0" branch="False" />
            <line number="13" hits="0" branch="False" />
          </lines>
        </class>
        <class name="CellGame.Tissue.Tissue2D" filename="/home/martin/RiderProjects/germgame/CellGame/Tissue/Tissue2D.cs" line-rate="1" branch-rate="0.5" complexity="3">
          <methods>
            <method name="get_Tissue" signature="()" line-rate="1" branch-rate="1">
              <lines>
                <line number="7" hits="33" branch="False" />
              </lines>
            </method>
            <method name=".ctor" signature="(System.Collections.Immutable.ImmutableDictionary`2&lt;CellGame.Tissue.Location,CellGame.Tissue.ICell&gt;)" line-rate="1" branch-rate="0.5">
              <lines>
                <line number="9" hits="11" branch="False" />
                <line number="10" hits="11" branch="False" />
                <line number="11" hits="11" branch="True" condition-coverage="50% (1/2)">
                  <conditions>
                    <condition number="11" type="jump" coverage="50%" />
                  </conditions>
                </line>
                <line number="12" hits="11" branch="False" />
              </lines>
            </method>
          </methods>
          <lines>
            <line number="7" hits="33" branch="False" />
            <line number="9" hits="11" branch="False" />
            <line number="10" hits="11" branch="False" />
            <line number="11" hits="11" branch="True" condition-coverage="50% (1/2)">
              <conditions>
                <condition number="11" type="jump" coverage="50%" />
              </conditions>
            </line>
            <line number="12" hits="11" branch="False" />
          </lines>
        </class>
        <class name="CellGame.Tissue.Tissue2DFactory" filename="/home/martin/RiderProjects/germgame/CellGame/Tissue/Tissue2DFactory.cs" line-rate="0.9687" branch-rate="0.6666" complexity="12">
          <methods>
            <method name="Create" signature="(System.Int32,System.Int32,System.Single,System.Single)" line-rate="0.96" branch-rate="0.8332999999999999">
              <lines>
                <line number="26" hits="5" branch="False" />
                <line number="27" hits="5" branch="False" />
                <line number="28" hits="5" branch="False" />
                <line number="29" hits="5" branch="False" />
                <line number="31" hits="5" branch="True" condition-coverage="50% (1/2)">
                  <conditions>
                    <condition number="36" type="jump" coverage="50%" />
                  </conditions>
                </line>
                <line number="32" hits="0" branch="False" />
                <line number="34" hits="5" branch="False" />
                <line number="35" hits="5" branch="False" />
                <line number="37" hits="5" branch="False" />
                <line number="38" hits="5" branch="False" />
                <line number="39" hits="5" branch="False" />
                <line number="40" hits="5" branch="False" />
                <line number="41" hits="5" branch="False" />
                <line number="42" hits="5" branch="False" />
                <line number="43" hits="5" branch="False" />
                <line number="45" hits="1138" branch="True" condition-coverage="100% (2/2)">
                  <conditions>
                    <condition number="301" type="jump" coverage="100%" />
                  </conditions>
                </line>
                <line number="46" hits="162620" branch="True" condition-coverage="100% (2/2)">
                  <conditions>
                    <condition number="284" type="jump" coverage="100%" />
                  </conditions>
                </line>
                <line number="47" hits="80746" branch="False" />
                <line number="48" hits="80746" branch="False" />
                <line number="49" hits="80746" branch="False" />
                <line number="50" hits="80746" branch="False" />
                <line number="51" hits="80746" branch="False" />
                <line number="52" hits="80746" branch="False" />
                <line number="54" hits="5" branch="False" />
                <line number="55" hits="5" branch="False" />
              </lines>
            </method>
            <method name=".ctor" signature="(CellGame.Tissue.ICellFactory,CellGame.Germs.IGermFactory,CellGame.ListShuffle.IShuffle)" line-rate="1" branch-rate="0.5">
              <lines>
                <line number="17" hits="5" branch="False" />
                <line number="18" hits="5" branch="False" />
                <line number="19" hits="5" branch="False" />
                <line number="20" hits="5" branch="True" condition-coverage="50% (1/2)">
                  <conditions>
                    <condition number="22" type="jump" coverage="50%" />
                  </conditions>
                </line>
                <line number="21" hits="5" branch="True" condition-coverage="50% (1/2)">
                  <conditions>
                    <condition number="44" type="jump" coverage="50%" />
                  </conditions>
                </line>
                <line number="22" hits="5" branch="True" condition-coverage="50% (1/2)">
                  <conditions>
                    <condition number="66" type="jump" coverage="50%" />
                  </conditions>
                </line>
                <line number="23" hits="5" branch="False" />
              </lines>
            </method>
          </methods>
          <lines>
            <line number="26" hits="5" branch="False" />
            <line number="27" hits="5" branch="False" />
            <line number="28" hits="5" branch="False" />
            <line number="29" hits="5" branch="False" />
            <line number="31" hits="5" branch="True" condition-coverage="50% (1/2)">
              <conditions>
                <condition number="36" type="jump" coverage="50%" />
              </conditions>
            </line>
            <line number="32" hits="0" branch="False" />
            <line number="34" hits="5" branch="False" />
            <line number="35" hits="5" branch="False" />
            <line number="37" hits="5" branch="False" />
            <line number="38" hits="5" branch="False" />
            <line number="39" hits="5" branch="False" />
            <line number="40" hits="5" branch="False" />
            <line number="41" hits="5" branch="False" />
            <line number="42" hits="5" branch="False" />
            <line number="43" hits="5" branch="False" />
            <line number="45" hits="1138" branch="True" condition-coverage="100% (2/2)">
              <conditions>
                <condition number="301" type="jump" coverage="100%" />
              </conditions>
            </line>
            <line number="46" hits="162620" branch="True" condition-coverage="100% (2/2)">
              <conditions>
                <condition number="284" type="jump" coverage="100%" />
              </conditions>
            </line>
            <line number="47" hits="80746" branch="False" />
            <line number="48" hits="80746" branch="False" />
            <line number="49" hits="80746" branch="False" />
            <line number="50" hits="80746" branch="False" />
            <line number="51" hits="80746" branch="False" />
            <line number="52" hits="80746" branch="False" />
            <line number="54" hits="5" branch="False" />
            <line number="55" hits="5" branch="False" />
            <line number="17" hits="5" branch="False" />
            <line number="18" hits="5" branch="False" />
            <line number="19" hits="5" branch="False" />
            <line number="20" hits="5" branch="True" condition-coverage="50% (1/2)">
              <conditions>
                <condition number="22" type="jump" coverage="50%" />
              </conditions>
            </line>
            <line number="21" hits="5" branch="True" condition-coverage="50% (1/2)">
              <conditions>
                <condition number="44" type="jump" coverage="50%" />
              </conditions>
            </line>
            <line number="22" hits="5" branch="True" condition-coverage="50% (1/2)">
              <conditions>
                <condition number="66" type="jump" coverage="50%" />
              </conditions>
            </line>
            <line number="23" hits="5" branch="False" />
          </lines>
        </class>
        <class name="CellGame.Tissue.Tissue2DFactory/&lt;CreateEmptyPlaces&gt;d__6" filename="/home/martin/RiderProjects/germgame/CellGame/Tissue/Tissue2DFactory.cs" line-rate="1" branch-rate="0.75" complexity="4">
          <methods>
            <method name="MoveNext" signature="()" line-rate="1" branch-rate="0.75">
              <lines>
                <line number="58" hits="5" branch="True" condition-coverage="50% (1/2)">
                  <conditions>
                    <condition number="14" type="jump" coverage="50%" />
                  </conditions>
                </line>
                <line number="59" hits="38" branch="True" condition-coverage="100% (2/2)">
                  <conditions>
                    <condition number="113" type="jump" coverage="100%" />
                  </conditions>
                </line>
                <line number="60" hits="14" branch="False" />
                <line number="61" hits="14" branch="False" />
                <line number="62" hits="14" branch="False" />
                <line number="63" hits="5" branch="False" />
              </lines>
            </method>
          </methods>
          <lines>
            <line number="58" hits="5" branch="True" condition-coverage="50% (1/2)">
              <conditions>
                <condition number="14" type="jump" coverage="50%" />
              </conditions>
            </line>
            <line number="59" hits="38" branch="True" condition-coverage="100% (2/2)">
              <conditions>
                <condition number="113" type="jump" coverage="100%" />
              </conditions>
            </line>
            <line number="60" hits="14" branch="False" />
            <line number="61" hits="14" branch="False" />
            <line number="62" hits="14" branch="False" />
            <line number="63" hits="5" branch="False" />
          </lines>
        </class>
        <class name="CellGame.Tissue.Tissue2DFactory/&lt;CreateInfectedCells&gt;d__7" filename="/home/martin/RiderProjects/germgame/CellGame/Tissue/Tissue2DFactory.cs" line-rate="1" branch-rate="0.75" complexity="4">
          <methods>
            <method name="MoveNext" signature="()" line-rate="1" branch-rate="0.75">
              <lines>
                <line number="66" hits="5" branch="True" condition-coverage="50% (1/2)">
                  <conditions>
                    <condition number="14" type="jump" coverage="50%" />
                  </conditions>
                </line>
                <line number="67" hits="5" branch="False" />
                <line number="68" hits="62740" branch="True" condition-coverage="100% (2/2)">
                  <conditions>
                    <condition number="141" type="jump" coverage="100%" />
                  </conditions>
                </line>
                <line number="69" hits="31365" branch="False" />
                <line number="70" hits="31365" branch="False" />
                <line number="71" hits="31365" branch="False" />
                <line number="72" hits="5" branch="False" />
              </lines>
            </method>
          </methods>
          <lines>
            <line number="66" hits="5" branch="True" condition-coverage="50% (1/2)">
              <conditions>
                <condition number="14" type="jump" coverage="50%" />
              </conditions>
            </line>
            <line number="67" hits="5" branch="False" />
            <line number="68" hits="62740" branch="True" condition-coverage="100% (2/2)">
              <conditions>
                <condition number="141" type="jump" coverage="100%" />
              </conditions>
            </line>
            <line number="69" hits="31365" branch="False" />
            <line number="70" hits="31365" branch="False" />
            <line number="71" hits="31365" branch="False" />
            <line number="72" hits="5" branch="False" />
          </lines>
        </class>
        <class name="CellGame.Tissue.Tissue2DFactory/&lt;CreateHealthyCells&gt;d__8" filename="/home/martin/RiderProjects/germgame/CellGame/Tissue/Tissue2DFactory.cs" line-rate="1" branch-rate="0.75" complexity="4">
          <methods>
            <method name="MoveNext" signature="()" line-rate="1" branch-rate="0.75">
              <lines>
                <line number="75" hits="5" branch="True" condition-coverage="50% (1/2)">
                  <conditions>
                    <condition number="14" type="jump" coverage="50%" />
                  </conditions>
                </line>
                <line number="76" hits="98744" branch="True" condition-coverage="100% (2/2)">
                  <conditions>
                    <condition number="113" type="jump" coverage="100%" />
                  </conditions>
                </line>
                <line number="77" hits="49367" branch="False" />
                <line number="78" hits="49367" branch="False" />
                <line number="79" hits="49367" branch="False" />
                <line number="80" hits="5" branch="False" />
              </lines>
            </method>
          </methods>
          <lines>
            <line number="75" hits="5" branch="True" condition-coverage="50% (1/2)">
              <conditions>
                <condition number="14" type="jump" coverage="50%" />
              </conditions>
            </line>
            <line number="76" hits="98744" branch="True" condition-coverage="100% (2/2)">
              <conditions>
                <condition number="113" type="jump" coverage="100%" />
              </conditions>
            </line>
            <line number="77" hits="49367" branch="False" />
            <line number="78" hits="49367" branch="False" />
            <line number="79" hits="49367" branch="False" />
            <line number="80" hits="5" branch="False" />
          </lines>
        </class>
        <class name="CellGame.Tissue.TissuePrinter" filename="/home/martin/RiderProjects/germgame/CellGame/Tissue/TissuePrinter.cs" line-rate="1" branch-rate="1" complexity="9">
          <methods>
            <method name="PrintTissue" signature="()" line-rate="1" branch-rate="1">
              <lines>
                <line number="30" hits="3" branch="False" />
                <line number="31" hits="3" branch="False" />
                <line number="32" hits="3" branch="False" />
                <line number="33" hits="3" branch="False" />
              </lines>
            </method>
            <method name="CreateOutput" signature="(System.Collections.Immutable.ImmutableDictionary`2&lt;CellGame.Tissue.Location,CellGame.Tissue.ICell&gt;)" line-rate="1" branch-rate="1">
              <lines>
                <line number="36" hits="3" branch="False" />
                <line number="37" hits="418" branch="True" condition-coverage="100% (2/2)">
                  <conditions>
                    <condition number="108" type="jump" coverage="100%" />
                  </conditions>
                </line>
                <line number="38" hits="206" branch="False" />
                <line number="39" hits="62296" branch="True" condition-coverage="100% (2/2)">
                  <conditions>
                    <condition number="73" type="jump" coverage="100%" />
                  </conditions>
                </line>
                <line number="40" hits="30942" branch="False" />
                <line number="41" hits="30942" branch="False" />
                <line number="42" hits="30942" branch="False" />
                <line number="43" hits="30942" branch="False" />
                <line number="44" hits="30942" branch="False" />
                <line number="46" hits="206" branch="False" />
                <line number="47" hits="206" branch="False" />
                <line number="49" hits="3" branch="False" />
              </lines>
            </method>
            <method name=".ctor" signature="(CellGame.Tissue.Tissue2D,CellGame.CellStringEncoder)" line-rate="1" branch-rate="1">
              <lines>
                <line number="17" hits="3" branch="False" />
                <line number="18" hits="3" branch="False" />
                <line number="19" hits="3" branch="False" />
                <line number="20" hits="3" branch="False" />
                <line number="21" hits="3" branch="False" />
                <line number="23" hits="3" branch="False" />
                <line number="25" hits="30945" branch="True" condition-coverage="100% (2/2)">
                  <conditions>
                    <condition number="58" type="jump" coverage="100%" />
                  </conditions>
                </line>
                <line number="26" hits="30945" branch="True" condition-coverage="100% (2/2)">
                  <conditions>
                    <condition number="106" type="jump" coverage="100%" />
                  </conditions>
                </line>
                <line number="27" hits="3" branch="False" />
              </lines>
            </method>
          </methods>
          <lines>
            <line number="30" hits="3" branch="False" />
            <line number="31" hits="3" branch="False" />
            <line number="32" hits="3" branch="False" />
            <line number="33" hits="3" branch="False" />
            <line number="36" hits="3" branch="False" />
            <line number="37" hits="418" branch="True" condition-coverage="100% (2/2)">
              <conditions>
                <condition number="108" type="jump" coverage="100%" />
              </conditions>
            </line>
            <line number="38" hits="206" branch="False" />
            <line number="39" hits="62296" branch="True" condition-coverage="100% (2/2)">
              <conditions>
                <condition number="73" type="jump" coverage="100%" />
              </conditions>
            </line>
            <line number="40" hits="30942" branch="False" />
            <line number="41" hits="30942" branch="False" />
            <line number="42" hits="30942" branch="False" />
            <line number="43" hits="30942" branch="False" />
            <line number="44" hits="30942" branch="False" />
            <line number="46" hits="206" branch="False" />
            <line number="47" hits="206" branch="False" />
            <line number="49" hits="3" branch="False" />
            <line number="17" hits="3" branch="False" />
            <line number="18" hits="3" branch="False" />
            <line number="19" hits="3" branch="False" />
            <line number="20" hits="3" branch="False" />
            <line number="21" hits="3" branch="False" />
            <line number="23" hits="3" branch="False" />
            <line number="25" hits="30945" branch="True" condition-coverage="100% (2/2)">
              <conditions>
                <condition number="58" type="jump" coverage="100%" />
              </conditions>
            </line>
            <line number="26" hits="30945" branch="True" condition-coverage="100% (2/2)">
              <conditions>
                <condition number="106" type="jump" coverage="100%" />
              </conditions>
            </line>
            <line number="27" hits="3" branch="False" />
          </lines>
        </class>
        <class name="CellGame.RunGame.RoundBasedGame" filename="/home/martin/RiderProjects/germgame/CellGame/RunGame/RoundBasedGame.cs" line-rate="0.9666" branch-rate="0.9" complexity="11">
          <methods>
            <method name="Advance" signature="(CellGame.Tissue.Tissue2D)" line-rate="1" branch-rate="1">
              <lines>
                <line number="12" hits="2" branch="False" />
                <line number="13" hits="2" branch="False" />
                <line number="14" hits="70" branch="True" condition-coverage="100% (2/2)">
                  <conditions>
                    <condition number="116" type="jump" coverage="100%" />
                  </conditions>
                </line>
                <line number="15" hits="32" branch="False" />
                <line number="16" hits="32" branch="True" condition-coverage="100% (2/2)">
                  <conditions>
                    <condition number="56" type="jump" coverage="100%" />
                  </conditions>
                </line>
                <line number="17" hits="32" branch="False" />
                <line number="18" hits="32" branch="False" />
                <line number="19" hits="32" branch="False" />
                <line number="20" hits="32" branch="False" />
                <line number="21" hits="32" branch="False" />
                <line number="23" hits="2" branch="False" />
                <line number="24" hits="2" branch="False" />
              </lines>
            </method>
            <method name="GetRandomNeighbour" signature="(CellGame.Tissue.Tissue2D,CellGame.Tissue.Location)" line-rate="0.9166" branch-rate="0.75">
              <lines>
                <line number="27" hits="5" branch="False" />
                <line number="28" hits="5" branch="False" />
                <line number="29" hits="20" branch="True" condition-coverage="50% (1/2)">
                  <conditions>
                    <condition number="114" type="jump" coverage="50%" />
                  </conditions>
                </line>
                <line number="30" hits="10" branch="False" />
                <line number="31" hits="10" branch="False" />
                <line number="32" hits="10" branch="False" />
                <line number="33" hits="10" branch="False" />
                <line number="34" hits="10" branch="True" condition-coverage="100% (2/2)">
                  <conditions>
                    <condition number="93" type="jump" coverage="100%" />
                  </conditions>
                </line>
                <line number="35" hits="5" branch="False" />
                <line number="36" hits="5" branch="False" />
                <line number="38" hits="0" branch="False" />
                <line number="39" hits="5" branch="False" />
              </lines>
            </method>
            <method name="ConvertToOffset" signature="(System.Int32)" line-rate="1" branch-rate="1">
              <lines>
                <line number="42" hits="20" branch="False" />
                <line number="43" hits="20" branch="True" condition-coverage="100% (2/2)">
                  <conditions>
                    <condition number="7" type="jump" coverage="100%" />
                  </conditions>
                </line>
                <line number="44" hits="9" branch="False" />
                <line number="46" hits="11" branch="False" />
                <line number="47" hits="20" branch="False" />
              </lines>
            </method>
            <method name=".ctor" signature="()" line-rate="1" branch-rate="1">
              <lines>
                <line number="9" hits="2" branch="False" />
              </lines>
            </method>
          </methods>
          <lines>
            <line number="12" hits="2" branch="False" />
            <line number="13" hits="2" branch="False" />
            <line number="14" hits="70" branch="True" condition-coverage="100% (2/2)">
              <conditions>
                <condition number="116" type="jump" coverage="100%" />
              </conditions>
            </line>
            <line number="15" hits="32" branch="False" />
            <line number="16" hits="32" branch="True" condition-coverage="100% (2/2)">
              <conditions>
                <condition number="56" type="jump" coverage="100%" />
              </conditions>
            </line>
            <line number="17" hits="32" branch="False" />
            <line number="18" hits="32" branch="False" />
            <line number="19" hits="32" branch="False" />
            <line number="20" hits="32" branch="False" />
            <line number="21" hits="32" branch="False" />
            <line number="23" hits="2" branch="False" />
            <line number="24" hits="2" branch="False" />
            <line number="27" hits="5" branch="False" />
            <line number="28" hits="5" branch="False" />
            <line number="29" hits="20" branch="True" condition-coverage="50% (1/2)">
              <conditions>
                <condition number="114" type="jump" coverage="50%" />
              </conditions>
            </line>
            <line number="30" hits="10" branch="False" />
            <line number="31" hits="10" branch="False" />
            <line number="32" hits="10" branch="False" />
            <line number="33" hits="10" branch="False" />
            <line number="34" hits="10" branch="True" condition-coverage="100% (2/2)">
              <conditions>
                <condition number="93" type="jump" coverage="100%" />
              </conditions>
            </line>
            <line number="35" hits="5" branch="False" />
            <line number="36" hits="5" branch="False" />
            <line number="38" hits="0" branch="False" />
            <line number="39" hits="5" branch="False" />
            <line number="42" hits="20" branch="False" />
            <line number="43" hits="20" branch="True" condition-coverage="100% (2/2)">
              <conditions>
                <condition number="7" type="jump" coverage="100%" />
              </conditions>
            </line>
            <line number="44" hits="9" branch="False" />
            <line number="46" hits="11" branch="False" />
            <line number="47" hits="20" branch="False" />
            <line number="9" hits="2" branch="False" />
          </lines>
        </class>
        <class name="CellGame.Helper.ReverseTestShuffler" filename="/home/martin/RiderProjects/germgame/CellGame/Helper/ReverseTestShuffler.cs" line-rate="1" branch-rate="1" complexity="1">
          <methods>
            <method name="Shuffle" signature="(System.Collections.Generic.IEnumerable`1&lt;T&gt;&amp;)" line-rate="1" branch-rate="1">
              <lines>
                <line number="10" hits="3" branch="False" />
                <line number="11" hits="3" branch="False" />
                <line number="12" hits="3" branch="False" />
                <line number="13" hits="3" branch="False" />
                <line number="14" hits="3" branch="False" />
              </lines>
            </method>
          </methods>
          <lines>
            <line number="10" hits="3" branch="False" />
            <line number="11" hits="3" branch="False" />
            <line number="12" hits="3" branch="False" />
            <line number="13" hits="3" branch="False" />
            <line number="14" hits="3" branch="False" />
          </lines>
        </class>
        <class name="CellGame.ListShuffle.FisherYatesShuffle" filename="/home/martin/RiderProjects/germgame/CellGame/Helper/FisherYatesShuffle.cs" line-rate="1" branch-rate="1" complexity="2">
          <methods>
            <method name="Shuffle" signature="(System.Collections.Generic.IEnumerable`1&lt;T&gt;&amp;)" line-rate="1" branch-rate="1">
              <lines>
                <line number="9" hits="2" branch="False" />
                <line number="10" hits="2" branch="False" />
                <line number="12" hits="2" branch="False" />
                <line number="13" hits="100" branch="True" condition-coverage="100% (2/2)">
                  <conditions>
                    <condition number="73" type="jump" coverage="100%" />
                  </conditions>
                </line>
                <line number="14" hits="98" branch="False" />
                <line number="15" hits="98" branch="False" />
                <line number="16" hits="98" branch="False" />
                <line number="17" hits="98" branch="False" />
                <line number="18" hits="98" branch="False" />
                <line number="19" hits="98" branch="False" />
                <line number="20" hits="98" branch="False" />
                <line number="22" hits="2" branch="False" />
                <line number="23" hits="2" branch="False" />
              </lines>
            </method>
          </methods>
          <lines>
            <line number="9" hits="2" branch="False" />
            <line number="10" hits="2" branch="False" />
            <line number="12" hits="2" branch="False" />
            <line number="13" hits="100" branch="True" condition-coverage="100% (2/2)">
              <conditions>
                <condition number="73" type="jump" coverage="100%" />
              </conditions>
            </line>
            <line number="14" hits="98" branch="False" />
            <line number="15" hits="98" branch="False" />
            <line number="16" hits="98" branch="False" />
            <line number="17" hits="98" branch="False" />
            <line number="18" hits="98" branch="False" />
            <line number="19" hits="98" branch="False" />
            <line number="20" hits="98" branch="False" />
            <line number="22" hits="2" branch="False" />
            <line number="23" hits="2" branch="False" />
          </lines>
        </class>
        <class name="CellGame.ListShuffle.NullShuffle" filename="/home/martin/RiderProjects/germgame/CellGame/Helper/NullShuffle.cs" line-rate="1" branch-rate="1" complexity="2">
          <methods>
            <method name="Shuffle" signature="(System.Collections.Generic.IEnumerable`1&lt;T&gt;&amp;)" line-rate="1" branch-rate="1">
              <lines>
                <line number="9" hits="14" branch="False" />
                <line number="10" hits="151092" branch="True" condition-coverage="100% (2/2)">
                  <conditions>
                    <condition number="9" type="jump" coverage="100%" />
                  </conditions>
                </line>
                <line number="11" hits="14" branch="False" />
              </lines>
            </method>
          </methods>
          <lines>
            <line number="9" hits="14" branch="False" />
            <line number="10" hits="151092" branch="True" condition-coverage="100% (2/2)">
              <conditions>
                <condition number="9" type="jump" coverage="100%" />
              </conditions>
            </line>
            <line number="11" hits="14" branch="False" />
          </lines>
        </class>
        <class name="CellGame.ListShuffle.ThreadSafeRandom" filename="/home/martin/RiderProjects/germgame/CellGame/Helper/ThreadSafeRandom.cs" line-rate="1" branch-rate="1" complexity="2">
          <methods>
            <method name="get_GetRandomGenerator" signature="()" line-rate="1" branch-rate="1">
              <lines>
                <line number="11" hits="98" branch="True" condition-coverage="100% (2/2)">
                  <conditions>
                    <condition number="6" type="jump" coverage="100%" />
                  </conditions>
                </line>
              </lines>
            </method>
          </methods>
          <lines>
            <line number="11" hits="98" branch="True" condition-coverage="100% (2/2)">
              <conditions>
                <condition number="6" type="jump" coverage="100%" />
              </conditions>
            </line>
          </lines>
        </class>
        <class name="CellGame.Germs.DefaultGermFactory" filename="/home/martin/RiderProjects/germgame/CellGame/Germs/DefaultGermFactory.cs" line-rate="0" branch-rate="1" complexity="1">
          <methods>
            <method name="CreateDefaultGerm" signature="()" line-rate="0" branch-rate="1">
              <lines>
                <line number="6" hits="0" branch="False" />
                <line number="7" hits="0" branch="False" />
                <line number="8" hits="0" branch="False" />
              </lines>
            </method>
          </methods>
          <lines>
            <line number="6" hits="0" branch="False" />
            <line number="7" hits="0" branch="False" />
            <line number="8" hits="0" branch="False" />
          </lines>
        </class>
        <class name="CellGame.Germs.NullGerm" filename="/home/martin/RiderProjects/germgame/CellGame/Germs/NullGerm.cs" line-rate="0" branch-rate="1" complexity="2">
          <methods>
            <method name="Visit" signature="(System.Boolean,System.UInt16,System.UInt16,System.Boolean)" line-rate="0" branch-rate="1">
              <lines>
                <line number="11" hits="0" branch="False" />
                <line number="12" hits="0" branch="False" />
                <line number="13" hits="0" branch="False" />
              </lines>
            </method>
            <method name="InfectCell" signature="(CellGame.Tissue.ICell)" line-rate="0" branch-rate="1">
              <lines>
                <line number="16" hits="0" branch="False" />
                <line number="17" hits="0" branch="False" />
                <line number="18" hits="0" branch="False" />
                <line number="19" hits="0" branch="False" />
              </lines>
            </method>
          </methods>
          <lines>
            <line number="11" hits="0" branch="False" />
            <line number="12" hits="0" branch="False" />
            <line number="13" hits="0" branch="False" />
            <line number="16" hits="0" branch="False" />
            <line number="17" hits="0" branch="False" />
            <line number="18" hits="0" branch="False" />
            <line number="19" hits="0" branch="False" />
          </lines>
        </class>
      </classes>
    </package>
  </packages>
</coverage>